<?xml version="1.0" encoding="UTF-8"?>
<!-- Generated by org.testng.reporters.JUnitXMLReporter -->
<testsuite hostname="IBM-Testing01" ignored="0" name="ParallelTest" tests="4" failures="0" timestamp="05 Mar 2020 06:45:39 GMT" time="0.062" errors="0">
  <testcase name="test1" time="0.029" classname="paralleltestngpackage.Groupsdemo"/>
  <testcase name="testr1" time="0.016" classname="paralleltestngpackage.Groupsdemo"/>
  <testcase name="test2" time="0.029" classname="paralleltestngpackage.Groupsdemo"/>
  <testcase name="test3" time="0.029" classname="paralleltestngpackage.Groupsdemo"/>
</testsuite> <!-- ParallelTest -->
