<?xml version="1.0" encoding="UTF-8"?>
<!-- Generated by org.testng.reporters.JUnitXMLReporter -->
<testsuite hostname="IBM-Testing01" ignored="0" name="Test" tests="5" failures="0" timestamp="06 Mar 2020 03:14:05 GMT" time="27.097" errors="0">
  <testcase name="testr2" time="0.029" classname="paralleltestngpackage.ParallelDemo2"/>
  <testcase name="testr3" time="0.031" classname="paralleltestngpackage.ParallelDemo2"/>
  <testcase name="demowebshoplogin" time="22.767" classname="paralleltestngpackage.ParallelDemo"/>
  <testcase name="demowebshoplogin2" time="23.118" classname="paralleltestngpackage.ParallelDemo"/>
  <testcase name="orangelogin" time="27.068" classname="paralleltestngpackage.ParallelDemo"/>
</testsuite> <!-- Test -->
