<?xml version="1.0" encoding="UTF-8"?>
<testng-results skipped="0" failed="0" ignored="0" total="1" passed="1">
  <reporter-output>
  </reporter-output>
  <suite name="Default suite" duration-ms="14944" started-at="2020-03-18T18:12:43Z" finished-at="2020-03-18T18:12:57Z">
    <groups>
    </groups>
    <test name="Default test" duration-ms="14944" started-at="2020-03-18T18:12:43Z" finished-at="2020-03-18T18:12:57Z">
      <class name="gridpackage.GridDemo">
        <test-method status="PASS" signature="beforeSimpleTest()[pri:0, instance:gridpackage.GridDemo@643b1d11]" name="beforeSimpleTest" is-config="true" duration-ms="6966" started-at="2020-03-18T18:12:43Z" finished-at="2020-03-18T18:12:49Z">
          <reporter-output>
          </reporter-output>
        </test-method> <!-- beforeSimpleTest -->
        <test-method status="PASS" signature="simpleTest()[pri:0, instance:gridpackage.GridDemo@643b1d11]" name="simpleTest" duration-ms="7958" started-at="2020-03-18T18:12:49Z" finished-at="2020-03-18T18:12:57Z">
          <reporter-output>
          </reporter-output>
        </test-method> <!-- simpleTest -->
        <test-method status="PASS" signature="afterTest()[pri:0, instance:gridpackage.GridDemo@643b1d11]" name="afterTest" is-config="true" duration-ms="0" started-at="2020-03-18T18:12:57Z" finished-at="2020-03-18T18:12:57Z">
          <reporter-output>
          </reporter-output>
        </test-method> <!-- afterTest -->
      </class> <!-- gridpackage.GridDemo -->
    </test> <!-- Default test -->
  </suite> <!-- Default suite -->
</testng-results>
