<?xml version="1.0" encoding="UTF-8"?>
<!-- Generated by org.testng.reporters.JUnitXMLReporter -->
<testsuite hostname="IBM-Testing01" ignored="1" name="Default test(failed)" tests="1" failures="1" timestamp="04 Mar 2020 06:21:50 GMT" time="17.36" errors="0">
  <testcase name="checkURL" time="0.018" classname="TestNGPackage.GoogleHomepageTest">
    <failure type="java.lang.AssertionError" message="expected [www.google.com] but found [https://www.google.com/]">
      <![CDATA[java.lang.AssertionError: expected [www.google.com] but found [https://www.google.com/]
at TestNGPackage.GoogleHomepageTest.checkURL(GoogleHomepageTest.java:28)
... Removed 31 stack frames]]>
    </failure>
  </testcase> <!-- checkURL -->
  <testcase name="checkLogo" time="0.0" classname="TestNGPackage.GoogleHomepageTest">
    <ignored/>
  </testcase> <!-- checkLogo -->
</testsuite> <!-- Default test(failed) -->
